\BOOKMARK [0][-]{chapter*.2}{\376\377\000W\000y\000k\000a\000z\000\040\000s\000k\000r\000\363\000t\000\363\000w}{}% 1
\BOOKMARK [0][-]{chapter.1}{\376\377\000W\000P\000R\000O\000W\000A\000D\000Z\000E\000N\000I\000E}{}% 2
\BOOKMARK [1][-]{section.1.1}{\376\377\000M\000o\000t\000y\000w\000a\000c\000j\000a}{chapter.1}% 3
\BOOKMARK [2][-]{subsection.1.1.1}{\376\377\000W\000y\000k\000l\000u\000c\000z\000e\000n\000i\000e\000\040\000s\000p\000o\001\102\000e\000c\000z\000n\000e}{section.1.1}% 4
\BOOKMARK [2][-]{subsection.1.1.2}{\376\377\000D\000y\000n\000a\000m\000i\000c\000z\000n\000y\000\040\000r\000o\000z\000w\000\363\000j\000\040\000r\000y\000n\000k\000u\000\040\000a\000p\000l\000i\000k\000a\000c\000j\000i\000\040\000m\000o\000b\000i\000l\000n\000y\000c\000h}{section.1.1}% 5
\BOOKMARK [2][-]{subsection.1.1.3}{\376\377\000B\000r\000a\000k\000\040\000g\000o\000t\000o\000w\000y\000c\000h\000\040\000r\000o\000z\000w\000i\001\005\000z\000a\001\104}{section.1.1}% 6
\BOOKMARK [1][-]{section.1.2}{\376\377\000C\000e\000l\000\040\000p\000r\000a\000c\000y}{chapter.1}% 7
\BOOKMARK [2][-]{subsection.1.2.1}{\376\377\000I\000n\000s\000p\000i\000r\000a\000c\000j\000a}{section.1.2}% 8
\BOOKMARK [0][-]{chapter.2}{\376\377\000A\000N\000A\000L\000I\000Z\000A\000\040\000P\000R\000O\000B\000L\000E\000M\000U}{}% 9
\BOOKMARK [1][-]{section.2.1}{\376\377\000T\000r\000a\000s\000o\000w\000a\000n\000i\000e\000\040\000p\000o\000\040\000s\000k\000l\000e\000p\000i\000e}{chapter.2}% 10
\BOOKMARK [2][-]{subsection.2.1.1}{\376\377\000P\000o\000d\000o\000b\000i\000e\001\104\000s\000t\000w\000a\000\040\000i\000\040\000r\000\363\001\174\000n\000i\000c\000e\000\040\000z\000\040\000p\000r\000o\000b\000l\000e\000m\000e\000m\000\040\000k\000o\000m\000i\000w\000o\000j\000a\001\174\000e\000r\000a\000\040\000\050\000T\000S\000P\000\051}{section.2.1}% 11
\BOOKMARK [2][-]{subsection.2.1.2}{\376\377\000W\000n\000i\000o\000s\000k\000i}{section.2.1}% 12
\BOOKMARK [1][-]{section.2.2}{\376\377\000P\000r\000z\000e\000t\000w\000a\000r\000z\000a\000n\000i\000e\000\040\000j\001\031\000z\000y\000k\000a\000\040\000n\000a\000t\000u\000r\000a\000l\000n\000e\000g\000o}{chapter.2}% 13
\BOOKMARK [0][-]{chapter.3}{\376\377\000P\000R\000O\000P\000O\000Z\000Y\000C\000J\000A\000\040\000R\000O\000Z\000W\000I\001\004\000Z\000A\000N\000I\000A\000\040\000P\000R\000O\000B\000L\000E\000M\000U}{}% 14
\BOOKMARK [0][-]{chapter.4}{\376\377\000O\000P\000I\000S\000\040\000R\000O\000Z\000W\000I\001\004\000Z\000A\000N\000I\000A}{}% 15
\BOOKMARK [1][-]{section.4.1}{\376\377\000A\000r\000c\000h\000i\000t\000e\000k\000t\000u\000r\000a\000\040\000s\000y\000s\000t\000e\000m\000u}{chapter.4}% 16
\BOOKMARK [1][-]{section.4.2}{\376\377\000B\000a\000z\000a\000\040\000d\000a\000n\000y\000c\000h}{chapter.4}% 17
\BOOKMARK [2][-]{subsection.4.2.1}{\376\377\000O\000p\000i\000s\000\040\000b\000a\000z\000y\000\040\000d\000a\000n\000y\000c\000h}{section.4.2}% 18
\BOOKMARK [2][-]{subsection.4.2.2}{\376\377\000S\000z\000c\000z\000e\000g\000\363\001\102\000o\000w\000y\000\040\000o\000p\000i\000s\000\040\000t\000a\000b\000e\000l}{section.4.2}% 19
\BOOKMARK [1][-]{section.4.3}{\376\377\000I\000n\000t\000e\000r\000f\000e\000j\000s\000\040\000u\001\174\000y\000t\000k\000o\000w\000n\000i\000k\000a}{chapter.4}% 20
\BOOKMARK [2][-]{subsection.4.3.1}{\376\377\000O\000p\000i\000s\000\040\000d\000o\000s\000t\001\031\000p\000n\000y\000c\000h\000\040\000w\000i\000d\000o\000k\000\363\000w}{section.4.3}% 21
\BOOKMARK [2][-]{subsection.4.3.2}{\376\377\000S\000z\000c\000z\000e\000g\000\363\001\102\000o\000w\000e\000\040\000o\000m\000\363\000w\000i\000e\000n\000i\000e\000\040\000i\000m\000p\000l\000e\000m\000e\000n\000t\000a\000c\000j\000i}{section.4.3}% 22
\BOOKMARK [0][-]{chapter.5}{\376\377\000O\000P\000I\000S\000\040\000T\000E\000C\000H\000N\000I\000C\000Z\000N\000Y}{}% 23
\BOOKMARK [1][-]{section.5.1}{\376\377\000A\000p\000l\000i\000k\000a\000c\000j\000a\000\040\000w\000i\000t\000.\000a\000i}{chapter.5}% 24
\BOOKMARK [2][-]{subsection.5.1.1}{\376\377\000I\000n\000t\000e\000n\000c\000j\000e\000\040\000i\000\040\000e\000n\000c\000j\000e}{section.5.1}% 25
\BOOKMARK [2][-]{subsection.5.1.2}{\376\377\000K\000r\000e\000a\000t\000o\000r}{section.5.1}% 26
\BOOKMARK [2][-]{subsection.5.1.3}{\376\377\000T\000e\000s\000t\000o\000w\000a\000n\000i\000e\000\040\000i\000\040\000p\000u\000b\000l\000i\000k\000a\000c\000j\000a}{section.5.1}% 27
\BOOKMARK [1][-]{section.5.2}{\376\377\000S\000e\000r\000w\000e\000r}{chapter.5}% 28
\BOOKMARK [2][-]{subsection.5.2.1}{\376\377\000S\000t\000r\000u\000k\000t\000u\000r\000a\000\040\000s\000e\000r\000w\000e\000r\000a}{section.5.2}% 29
\BOOKMARK [1][-]{section.5.3}{\376\377\000C\000R\000U\000D}{chapter.5}% 30
\BOOKMARK [0][-]{chapter.6}{\376\377\000I\000N\000S\000T\000R\000U\000K\000C\000J\000A\000\040\000U\001\173\000Y\000T\000K\000O\000W\000A\000N\000I\000A}{}% 31
\BOOKMARK [0][-]{chapter.7}{\376\377\000W\000Y\000N\000I\000K\000I\000\040\000T\000E\000S\000T\000\323\000W}{}% 32
\BOOKMARK [0][-]{chapter.8}{\376\377\000P\000O\000D\000S\000U\000M\000O\000W\000A\000N\000I\000E}{}% 33
\BOOKMARK [1][-]{section.8.1}{\376\377\000P\000r\000z\000y\000s\000z\001\102\000y\000\040\000r\000o\000z\000w\000\363\000j\000\040\000a\000p\000l\000i\000k\000a\000c\000j\000i}{chapter.8}% 34
\BOOKMARK [2][-]{subsection.8.1.1}{\376\377\000P\000a\000n\000e\000l\000\040\000A\000d\000m\000i\000n\000i\000s\000t\000r\000a\000t\000o\000r\000a}{section.8.1}% 35
\BOOKMARK [0][-]{chapter.9}{\376\377\000L\000I\000T\000E\000R\000A\000T\000U\000R\000A}{}% 36
